2025-09-04 17:23:54 [main] INFO  c.a.c.CostSheetGeneratorApplication - Starting CostSheetGeneratorApplication using Java 21.0.8 with PID 58134 (/Users/yasas/Documents/Eclipse-Workspace/CostSheetGenerator/target/classes started by yasas in /Users/yasas/Documents/Eclipse-Workspace/CostSheetGenerator)
2025-09-04 17:23:54 [main] DEBUG c.a.c.CostSheetGeneratorApplication - Running with Spring Boot v3.5.5, Spring v6.2.10
2025-09-04 17:23:54 [main] INFO  c.a.c.CostSheetGeneratorApplication - No active profile set, falling back to 1 default profile: "default"
2025-09-04 17:23:54 [main] INFO  o.s.d.r.c.RepositoryConfigurationDelegate - Bootstrapping Spring Data JPA repositories in DEFAULT mode.
2025-09-04 17:23:54 [main] INFO  o.s.d.r.c.RepositoryConfigurationDelegate - Finished Spring Data repository scanning in 3 ms. Found 0 JPA repository interfaces.
2025-09-04 17:23:54 [main] INFO  o.s.b.w.e.tomcat.TomcatWebServer - Tomcat initialized with port 8080 (http)
2025-09-04 17:23:54 [main] INFO  o.a.catalina.core.StandardService - Starting service [Tomcat]
2025-09-04 17:23:54 [main] INFO  o.a.catalina.core.StandardEngine - Starting Servlet engine: [Apache Tomcat/10.1.44]
2025-09-04 17:23:54 [main] INFO  o.a.c.c.C.[.[.[/cost-sheet] - Initializing Spring embedded WebApplicationContext
2025-09-04 17:23:54 [main] INFO  o.s.b.w.s.c.ServletWebServerApplicationContext - Root WebApplicationContext: initialization completed in 268 ms
2025-09-04 17:23:54 [main] WARN  o.s.b.w.s.c.AnnotationConfigServletWebServerApplicationContext - Exception encountered during context initialization - cancelling refresh attempt: org.springframework.beans.factory.BeanCreationException: Error creating bean with name 'entityManagerFactory' defined in class path resource [org/springframework/boot/autoconfigure/orm/jpa/HibernateJpaConfiguration.class]: Failed to initialize dependency 'dataSourceScriptDatabaseInitializer' of LoadTimeWeaverAware bean 'entityManagerFactory': Error creating bean with name 'dataSourceScriptDatabaseInitializer' defined in class path resource [org/springframework/boot/autoconfigure/sql/init/DataSourceInitializationConfiguration.class]: Unsatisfied dependency expressed through method 'dataSourceScriptDatabaseInitializer' parameter 0: Error creating bean with name 'dataSource' defined in class path resource [org/springframework/boot/autoconfigure/jdbc/DataSourceConfiguration$Hikari.class]: Failed to instantiate [com.zaxxer.hikari.HikariDataSource]: Factory method 'dataSource' threw exception with message: Failed to determine a suitable driver class
2025-09-04 17:23:54 [main] INFO  o.a.catalina.core.StandardService - Stopping service [Tomcat]
2025-09-04 17:23:54 [main] INFO  o.s.b.a.l.ConditionEvaluationReportLogger - 

Error starting ApplicationContext. To display the condition evaluation report re-run your application with 'debug' enabled.
2025-09-04 17:23:54 [main] ERROR o.s.b.d.LoggingFailureAnalysisReporter - 

***************************
APPLICATION FAILED TO START
***************************

Description:

Failed to configure a DataSource: 'url' attribute is not specified and no embedded datasource could be configured.

Reason: Failed to determine a suitable driver class


Action:

Consider the following:
	If you want an embedded database (H2, HSQL or Derby), please put it on the classpath.
	If you have database settings to be loaded from a particular profile you may need to activate it (no profiles are currently active).

2025-09-04 17:25:42 [main] INFO  c.a.c.CostSheetGeneratorApplication - Starting CostSheetGeneratorApplication using Java 21.0.8 with PID 58163 (/Users/yasas/Documents/Eclipse-Workspace/CostSheetGenerator/target/classes started by yasas in /Users/yasas/Documents/Eclipse-Workspace/CostSheetGenerator)
2025-09-04 17:25:42 [main] DEBUG c.a.c.CostSheetGeneratorApplication - Running with Spring Boot v3.5.5, Spring v6.2.10
2025-09-04 17:25:42 [main] INFO  c.a.c.CostSheetGeneratorApplication - No active profile set, falling back to 1 default profile: "default"
2025-09-04 17:25:42 [main] INFO  o.s.d.r.c.RepositoryConfigurationDelegate - Bootstrapping Spring Data JPA repositories in DEFAULT mode.
2025-09-04 17:25:42 [main] INFO  o.s.d.r.c.RepositoryConfigurationDelegate - Finished Spring Data repository scanning in 3 ms. Found 0 JPA repository interfaces.
2025-09-04 17:25:42 [main] INFO  o.s.b.w.e.tomcat.TomcatWebServer - Tomcat initialized with port 8080 (http)
2025-09-04 17:25:42 [main] INFO  o.a.catalina.core.StandardService - Starting service [Tomcat]
2025-09-04 17:25:42 [main] INFO  o.a.catalina.core.StandardEngine - Starting Servlet engine: [Apache Tomcat/10.1.44]
2025-09-04 17:25:42 [main] INFO  o.a.c.c.C.[.[.[/cost-sheet] - Initializing Spring embedded WebApplicationContext
2025-09-04 17:25:42 [main] INFO  o.s.b.w.s.c.ServletWebServerApplicationContext - Root WebApplicationContext: initialization completed in 265 ms
2025-09-04 17:25:42 [main] WARN  o.s.b.w.s.c.AnnotationConfigServletWebServerApplicationContext - Exception encountered during context initialization - cancelling refresh attempt: org.springframework.beans.factory.BeanCreationException: Error creating bean with name 'entityManagerFactory' defined in class path resource [org/springframework/boot/autoconfigure/orm/jpa/HibernateJpaConfiguration.class]: Failed to initialize dependency 'dataSourceScriptDatabaseInitializer' of LoadTimeWeaverAware bean 'entityManagerFactory': Error creating bean with name 'dataSourceScriptDatabaseInitializer' defined in class path resource [org/springframework/boot/autoconfigure/sql/init/DataSourceInitializationConfiguration.class]: Unsatisfied dependency expressed through method 'dataSourceScriptDatabaseInitializer' parameter 0: Error creating bean with name 'dataSource' defined in class path resource [org/springframework/boot/autoconfigure/jdbc/DataSourceConfiguration$Hikari.class]: Failed to instantiate [com.zaxxer.hikari.HikariDataSource]: Factory method 'dataSource' threw exception with message: Failed to determine a suitable driver class
2025-09-04 17:25:42 [main] INFO  o.a.catalina.core.StandardService - Stopping service [Tomcat]
2025-09-04 17:25:42 [main] INFO  o.s.b.a.l.ConditionEvaluationReportLogger - 

Error starting ApplicationContext. To display the condition evaluation report re-run your application with 'debug' enabled.
2025-09-04 17:25:42 [main] ERROR o.s.b.d.LoggingFailureAnalysisReporter - 

***************************
APPLICATION FAILED TO START
***************************

Description:

Failed to configure a DataSource: 'url' attribute is not specified and no embedded datasource could be configured.

Reason: Failed to determine a suitable driver class


Action:

Consider the following:
	If you want an embedded database (H2, HSQL or Derby), please put it on the classpath.
	If you have database settings to be loaded from a particular profile you may need to activate it (no profiles are currently active).

